{"name": "test_login_success", "status": "failed", "statusDetails": {"message": "AssertionError: Locator expected to be visible\nActual value: <element(s) not found> \nCall log:\n  - Expect \"to_be_visible\" with timeout 5000ms\n  - waiting for locator(\"[data-testid='dashboard-toolbar-title-text']\")", "trace": "automation\\tests\\test_login.py:21: in test_login_success\n    expect(ui_page.locator(login_page.dashboard_title)).to_be_visible()\nE   AssertionError: Locator expected to be visible\nE   Actual value: <element(s) not found> \nE   Call log:\nE     - Expect \"to_be_visible\" with timeout 5000ms\nE     - waiting for locator(\"[data-testid='dashboard-toolbar-title-text']\")"}, "steps": [{"name": "Открываем страницу логина", "status": "passed", "steps": [{"name": "Открываем страницу авторизации", "status": "passed", "start": 1762421699123, "stop": 1762421700506}], "start": 1762421699123, "stop": 1762421700506}, {"name": "Вводим корректные данные и входим", "status": "passed", "steps": [{"name": "Вводим email и пароль: 'El@gmail.com'", "status": "passed", "parameters": [{"name": "email", "value": "'El@gmail.com'"}, {"name": "password", "value": "'password'"}], "start": 1762421700506, "stop": 1762421701822}], "start": 1762421700506, "stop": 1762421701822}, {"name": "Проверяем, что панель управления открылась", "status": "failed", "statusDetails": {"message": "AssertionError: Locator expected to be visible\nActual value: <element(s) not found> \nCall log:\n  - Expect \"to_be_visible\" with timeout 5000ms\n  - waiting for locator(\"[data-testid='dashboard-toolbar-title-text']\")\n\n", "trace": "  File \"C:\\Users\\user\\PycharmProjects\\autotests-ui\\automation\\tests\\test_login.py\", line 21, in test_login_success\n    expect(ui_page.locator(login_page.dashboard_title)).to_be_visible()\n    ~~~~~~~~~~~~~~~~~~~~~~~~~~~~~~~~~~~~~~~~~~~~~~~~~~~~~~~~~~~~~~~~~^^\n  File \"C:\\Users\\user\\PycharmProjects\\autotests-ui\\.venv\\Lib\\site-packages\\playwright\\sync_api\\_generated.py\", line 20424, in to_be_visible\n    self._sync(self._impl_obj.to_be_visible(visible=visible, timeout=timeout))\n    ~~~~~~~~~~^^^^^^^^^^^^^^^^^^^^^^^^^^^^^^^^^^^^^^^^^^^^^^^^^^^^^^^^^^^^^^^^\n  File \"C:\\Users\\user\\PycharmProjects\\autotests-ui\\.venv\\Lib\\site-packages\\playwright\\_impl\\_sync_base.py\", line 115, in _sync\n    return task.result()\n           ~~~~~~~~~~~^^\n  File \"C:\\Users\\user\\PycharmProjects\\autotests-ui\\.venv\\Lib\\site-packages\\playwright\\_impl\\_assertions.py\", line 763, in to_be_visible\n    await self._expect_impl(\n    ...<5 lines>...\n    )\n  File \"C:\\Users\\user\\PycharmProjects\\autotests-ui\\.venv\\Lib\\site-packages\\playwright\\_impl\\_assertions.py\", line 83, in _expect_impl\n    raise AssertionError(\n        f\"{out_message}\\nActual value: {actual} {format_call_log(result.get('log'))}\"\n    )\n"}, "start": 1762421701822, "stop": 1762421706832}], "start": 1762421699123, "stop": 1762421706834, "uuid": "cf49f033-704f-41b8-a6ce-249212b9b5c0", "historyId": "869b2854fb5dd427b722413103f8d290", "testCaseId": "869b2854fb5dd427b722413103f8d290", "fullName": "automation.tests.test_login#test_login_success", "labels": [{"name": "feature", "value": "Авторизация"}, {"name": "story", "value": "Успешный вход в систему"}, {"name": "tag", "value": "authorization"}, {"name": "parentSuite", "value": "automation.tests"}, {"name": "suite", "value": "test_login"}, {"name": "host", "value": "WIN-I19L6EBR7HB"}, {"name": "thread", "value": "6264-MainThread"}, {"name": "framework", "value": "pytest"}, {"name": "language", "value": "cpython3"}, {"name": "package", "value": "automation.tests.test_login"}], "titlePath": ["automation", "tests", "test_login.py"]}